<?xml version="1.0" encoding="UTF-8"?>
<!-- Generated by org.testng.reporters.JUnitReportReporter -->
<testsuite skipped="0" hostname="192.168.1.18" name="apiTest.StoreTest" tests="1" failures="0" timestamp="2021-09-27T00:29:38 EET" time="1.662" errors="0">
  <testcase name="placeOrder" time="1.662" classname="apiTest.StoreTest"/>
</testsuite> <!-- apiTest.StoreTest -->
