<?xml version="1.0" encoding="UTF-8"?>
<!-- Generated by org.testng.reporters.JUnitReportReporter -->
<testsuite skipped="0" hostname="192.168.1.18" name="apiTest.UserTest" tests="1" failures="0" timestamp="2021-09-27T00:13:01 EET" time="1.590" errors="0">
  <testcase name="createUser" time="1.590" classname="apiTest.UserTest"/>
</testsuite> <!-- apiTest.UserTest -->
