<?xml version="1.0" encoding="UTF-8"?>
<!-- Generated by org.testng.reporters.JUnitReportReporter -->
<testsuite skipped="0" hostname="192.168.1.18" name="apiTest.LoginTest" tests="1" failures="0" timestamp="2021-09-19T22:54:35 EET" time="2.196" errors="0">
  <testcase name="validLogin" time="2.196" classname="apiTest.LoginTest"/>
</testsuite> <!-- apiTest.LoginTest -->
